<?xml version="1.0" encoding="UTF-8"?>
<testng-results ignored="0" total="1" passed="1" failed="0" skipped="0">
  <reporter-output>
  </reporter-output>
  <suite started-at="2024-05-07T11:05:53 IST" name="Suite" finished-at="2024-05-07T11:06:10 IST" duration-ms="17152">
    <groups>
    </groups>
    <test started-at="2024-05-07T11:05:53 IST" name="Test" finished-at="2024-05-07T11:06:10 IST" duration-ms="17152">
      <class name="Testcases.scenario_test">
        <test-method is-config="true" signature="openbrowser()[pri:0, instance:Testcases.scenario_test@9bd0fa6]" started-at="2024-05-07T11:05:45 IST" name="openbrowser" finished-at="2024-05-07T11:05:53 IST" duration-ms="7598" status="PASS">
          <reporter-output>
          </reporter-output>
        </test-method> <!-- openbrowser -->
        <test-method signature="testsecnario(java.lang.String,java.lang.String,java.lang.String,java.lang.String)[pri:0, instance:Testcases.scenario_test@9bd0fa6]" started-at="2024-05-07T11:05:53 IST" name="testsecnario" data-provider="getData" finished-at="2024-05-07T11:06:10 IST" duration-ms="17098" status="PASS">
          <params>
            <param index="0">
              <value>
                <![CDATA[Akhila]]>
              </value>
            </param>
            <param index="1">
              <value>
                <![CDATA[golla]]>
              </value>
            </param>
            <param index="2">
              <value>
                <![CDATA[515402.0]]>
              </value>
            </param>
            <param index="3">
              <value>
                <![CDATA[1000.0]]>
              </value>
            </param>
          </params>
          <reporter-output>
          </reporter-output>
        </test-method> <!-- testsecnario -->
      </class> <!-- Testcases.scenario_test -->
    </test> <!-- Test -->
  </suite> <!-- Suite -->
</testng-results>
